f:\الكلية\5fghgfg\complier\complier\debug\complier.pch
f:\الكلية\5fghgfg\complier\complier\debug\vc140.pdb
f:\الكلية\5fghgfg\complier\complier\debug\stdafx.obj
f:\الكلية\5fghgfg\complier\complier\debug\complier.obj
f:\الكلية\5fghgfg\complier\complier\debug\assemblyinfo.obj
f:\الكلية\5fghgfg\complier\complier\debug\.netframework,version=v4.5.2.assemblyattributes.obj
f:\الكلية\5fghgfg\complier\complier\debug\.netframework,version=v4.5.2.assemblyattributes.asm
f:\الكلية\5fghgfg\complier\complier\debug\complier.form1.resources
f:\الكلية\5fghgfg\complier\debug\complier.exe
f:\الكلية\5fghgfg\complier\debug\complier.pdb
f:\الكلية\5fghgfg\complier\complier\debug\app.res
f:\الكلية\5fghgfg\complier\complier\debug\complier.vcxproj.generateresource.cache
f:\الكلية\5fghgfg\complier\complier\debug\complier.vcxprojresolveassemblyreference.cache
f:\الكلية\5fghgfg\complier\complier\debug\complier.tlog\cl.command.1.tlog
f:\الكلية\5fghgfg\complier\complier\debug\complier.tlog\cl.read.1.tlog
f:\الكلية\5fghgfg\complier\complier\debug\complier.tlog\cl.write.1.tlog
f:\الكلية\5fghgfg\complier\complier\debug\complier.tlog\complier.write.1u.tlog
f:\الكلية\5fghgfg\complier\complier\debug\complier.tlog\link.command.1.tlog
f:\الكلية\5fghgfg\complier\complier\debug\complier.tlog\link.read.1.tlog
f:\الكلية\5fghgfg\complier\complier\debug\complier.tlog\link.write.1.tlog
f:\الكلية\5fghgfg\complier\complier\debug\complier.tlog\metagen.read.1.tlog
f:\الكلية\5fghgfg\complier\complier\debug\complier.tlog\metagen.write.1.tlog
f:\الكلية\5fghgfg\complier\complier\debug\complier.tlog\rc.command.1.tlog
f:\الكلية\5fghgfg\complier\complier\debug\complier.tlog\rc.read.1.tlog
f:\الكلية\5fghgfg\complier\complier\debug\complier.tlog\rc.write.1.tlog
f:\الكلية\5fghgfg\complier\complier\debug\complier.tlog\tzres.dll.bi
